<?xml version="1.0" encoding="UTF-8"?>
<!-- Generated by org.testng.reporters.JUnitXMLReporter -->
<testsuite hostname="DDc2-D-9TJH882" ignored="0" name="Default test" tests="4" failures="0" timestamp="23 Jul 2019 03:39:43 GMT" time="68.842" errors="0">
  <testcase name="testregistration" time="42.633" classname="casestudy3.casestudy3.OnlineShoppingTest2"/>
  <testcase name="testlogin" time="0.662" classname="casestudy3.casestudy3.OnlineShoppingTest2"/>
  <testcase name="testCart" time="1.68" classname="casestudy3.casestudy3.OnlineShoppingTest2"/>
  <testcase name="testPayment" time="23.114" classname="casestudy3.casestudy3.OnlineShoppingTest2"/>
</testsuite> <!-- Default test -->
